# Logfile created on 2014-03-05 16:02:49 +0000 by logger.rb/31641
I, [2014-03-05T16:02:49.811653 #4677]  INFO -- : 0:  builder (3.2.2) from /var/lib/gems/1.9.1/specifications/builder-3.2.2.gemspec
I, [2014-03-05T16:02:49.812656 #4677]  INFO -- : 0:  bundler (1.5.1) from /var/lib/gems/1.9.1/specifications/bundler-1.5.1.gemspec
I, [2014-03-05T16:02:49.813551 #4677]  INFO -- : 0:  mime-types (2.1) from /var/lib/gems/1.9.1/specifications/mime-types-2.1.gemspec
I, [2014-03-05T16:02:49.814431 #4677]  INFO -- : 0:  mini_portile (0.5.2) from /var/lib/gems/1.9.1/specifications/mini_portile-0.5.2.gemspec
I, [2014-03-05T16:02:49.815382 #4677]  INFO -- : 0:  nokogiri (1.6.1) from /var/lib/gems/1.9.1/specifications/nokogiri-1.6.1.gemspec
I, [2014-03-05T16:02:49.815883 #4677]  INFO -- : 0:  rack (1.5.2) from /var/lib/gems/1.9.1/specifications/rack-1.5.2.gemspec
I, [2014-03-05T16:02:49.817154 #4677]  INFO -- : 0:  rack-test (0.6.2) from /var/lib/gems/1.9.1/specifications/rack-test-0.6.2.gemspec
I, [2014-03-05T16:02:49.820230 #4677]  INFO -- : 0:  xpath (2.0.0) from /var/lib/gems/1.9.1/specifications/xpath-2.0.0.gemspec
I, [2014-03-05T16:02:49.821127 #4677]  INFO -- : 0:  capybara (2.2.1) from /var/lib/gems/1.9.1/specifications/capybara-2.2.1.gemspec
I, [2014-03-05T16:02:49.821915 #4677]  INFO -- : 0:  json (1.8.1) from /var/lib/gems/1.9.1/specifications/json-1.8.1.gemspec
I, [2014-03-05T16:02:49.822711 #4677]  INFO -- : 0:  capybara-webkit (1.1.0) from /var/lib/gems/1.9.1/specifications/capybara-webkit-1.1.0.gemspec
I, [2014-03-05T16:02:49.823459 #4677]  INFO -- : 0:  timers (1.1.0) from /var/lib/gems/1.9.1/specifications/timers-1.1.0.gemspec
I, [2014-03-05T16:02:49.824286 #4677]  INFO -- : 0:  celluloid (0.15.2) from /var/lib/gems/1.9.1/specifications/celluloid-0.15.2.gemspec
I, [2014-03-05T16:02:49.825045 #4677]  INFO -- : 0:  nio4r (1.0.0) from /var/lib/gems/1.9.1/specifications/nio4r-1.0.0.gemspec
I, [2014-03-05T16:02:49.825843 #4677]  INFO -- : 0:  celluloid-io (0.15.0) from /var/lib/gems/1.9.1/specifications/celluloid-io-0.15.0.gemspec
I, [2014-03-05T16:02:49.826599 #4677]  INFO -- : 0:  ffi (1.9.3) from /var/lib/gems/1.9.1/specifications/ffi-1.9.3.gemspec
I, [2014-03-05T16:02:49.827422 #4677]  INFO -- : 0:  childprocess (0.5.1) from /var/lib/gems/1.9.1/specifications/childprocess-0.5.1.gemspec
I, [2014-03-05T16:02:49.828183 #4677]  INFO -- : 0:  coderay (1.1.0) from /var/lib/gems/1.9.1/specifications/coderay-1.1.0.gemspec
I, [2014-03-05T16:02:49.857815 #4677]  INFO -- : 0:  diff-lcs (1.2.5) from /var/lib/gems/1.9.1/specifications/diff-lcs-1.2.5.gemspec
I, [2014-03-05T16:02:49.860833 #4677]  INFO -- : 0:  multi_json (1.9.0) from /var/lib/gems/1.9.1/specifications/multi_json-1.9.0.gemspec
I, [2014-03-05T16:02:49.861748 #4677]  INFO -- : 0:  gherkin (2.12.2) from /var/lib/gems/1.9.1/specifications/gherkin-2.12.2.gemspec
I, [2014-03-05T16:02:49.862526 #4677]  INFO -- : 0:  multi_test (0.0.3) from /var/lib/gems/1.9.1/specifications/multi_test-0.0.3.gemspec
I, [2014-03-05T16:02:49.863346 #4677]  INFO -- : 0:  cucumber (1.3.11) from /var/lib/gems/1.9.1/specifications/cucumber-1.3.11.gemspec
I, [2014-03-05T16:02:49.864115 #4677]  INFO -- : 0:  formatador (0.2.4) from /var/lib/gems/1.9.1/specifications/formatador-0.2.4.gemspec
I, [2014-03-05T16:02:49.864921 #4677]  INFO -- : 0:  rb-fsevent (0.9.4) from /var/lib/gems/1.9.1/specifications/rb-fsevent-0.9.4.gemspec
I, [2014-03-05T16:02:49.865694 #4677]  INFO -- : 0:  rb-inotify (0.9.3) from /var/lib/gems/1.9.1/specifications/rb-inotify-0.9.3.gemspec
I, [2014-03-05T16:02:49.866472 #4677]  INFO -- : 0:  listen (2.6.2) from /var/lib/gems/1.9.1/specifications/listen-2.6.2.gemspec
I, [2014-03-05T16:02:49.867348 #4677]  INFO -- : 0:  lumberjack (1.0.4) from /var/lib/gems/1.9.1/specifications/lumberjack-1.0.4.gemspec
I, [2014-03-05T16:02:49.873506 #4677]  INFO -- : 0:  method_source (0.8.2) from /var/lib/gems/1.9.1/specifications/method_source-0.8.2.gemspec
I, [2014-03-05T16:02:49.874452 #4677]  INFO -- : 0:  slop (3.4.7) from /var/lib/gems/1.9.1/specifications/slop-3.4.7.gemspec
I, [2014-03-05T16:02:49.875971 #4677]  INFO -- : 0:  pry (0.9.12.6) from /var/lib/gems/1.9.1/specifications/pry-0.9.12.6.gemspec
I, [2014-03-05T16:02:49.876833 #4677]  INFO -- : 0:  thor (0.18.1) from /var/lib/gems/1.9.1/specifications/thor-0.18.1.gemspec
I, [2014-03-05T16:02:49.877659 #4677]  INFO -- : 0:  guard (2.5.1) from /var/lib/gems/1.9.1/specifications/guard-2.5.1.gemspec
I, [2014-03-05T16:02:49.878489 #4677]  INFO -- : 0:  guard-bundler (2.0.0) from /var/lib/gems/1.9.1/specifications/guard-bundler-2.0.0.gemspec
I, [2014-03-05T16:02:49.879357 #4677]  INFO -- : 0:  guard-cucumber (1.4.1) from /var/lib/gems/1.9.1/specifications/guard-cucumber-1.4.1.gemspec
I, [2014-03-05T16:02:49.880160 #4677]  INFO -- : 0:  rb-fchange (0.0.6) from /var/lib/gems/1.9.1/specifications/rb-fchange-0.0.6.gemspec
I, [2014-03-05T16:02:49.881171 #4677]  INFO -- : 0:  rspec-core (2.14.8) from /var/lib/gems/1.9.1/specifications/rspec-core-2.14.8.gemspec
I, [2014-03-05T16:02:49.882062 #4677]  INFO -- : 0:  rspec-expectations (2.14.5) from /var/lib/gems/1.9.1/specifications/rspec-expectations-2.14.5.gemspec
I, [2014-03-05T16:02:49.882876 #4677]  INFO -- : 0:  rspec-mocks (2.14.6) from /var/lib/gems/1.9.1/specifications/rspec-mocks-2.14.6.gemspec
I, [2014-03-05T16:02:49.883536 #4677]  INFO -- : 0:  rspec (2.14.1) from /var/lib/gems/1.9.1/specifications/rspec-2.14.1.gemspec
I, [2014-03-05T16:02:49.884418 #4677]  INFO -- : 0:  rubyzip (1.1.0) from /var/lib/gems/1.9.1/specifications/rubyzip-1.1.0.gemspec
I, [2014-03-05T16:02:49.885418 #4677]  INFO -- : 0:  websocket (1.0.7) from /var/lib/gems/1.9.1/specifications/websocket-1.0.7.gemspec
I, [2014-03-05T16:02:49.886295 #4677]  INFO -- : 0:  selenium-webdriver (2.40.0) from /var/lib/gems/1.9.1/specifications/selenium-webdriver-2.40.0.gemspec
